[2026-02-19 20:56:55.763] Launch args: ['D:\\GOG Galaxy\\Games\\Resident Evil\\Biohazard.exe']
[2026-02-19 20:56:56.469] Target rect: x=-1211, y=43, w=1057, h=835
[2026-02-19 20:56:56.471] Primary rect: x=100, y=100, w=1280, h=720
[2026-02-19 20:56:56.478] Spawned PID: 30964
[2026-02-19 20:56:56.489] Tracked process names: biohazard.exe
[2026-02-19 20:56:56.601] Tracked process names: biohazard.exe
[2026-02-19 20:56:56.606] Tracking HWND: 82052050
[2026-02-19 20:56:56.607] Current rect: x=684, y=289, w=339, h=418
[2026-02-19 20:56:56.608] Applying target rect (pulse=True): x=-1211, y=43, w=1057, h=835
[2026-02-19 20:56:56.756] Tracked process names: biohazard.exe
[2026-02-19 20:56:56.759] Current rect: x=-1211, y=43, w=1057, h=835
[2026-02-19 20:56:56.868] Tracked process names: biohazard.exe
[2026-02-19 20:56:56.977] Tracked process names: biohazard.exe
[2026-02-19 20:56:57.087] Tracked process names: biohazard.exe
[2026-02-19 20:56:57.197] Tracked process names: biohazard.exe
[2026-02-19 20:56:57.308] Tracked process names: biohazard.exe
[2026-02-19 20:56:57.418] Tracked process names: biohazard.exe
[2026-02-19 20:57:01.565] Tracked process names: biohazard.exe
[2026-02-19 20:57:01.675] Tracked process names: biohazard.exe
[2026-02-19 20:57:01.784] Tracked process names: biohazard.exe
[2026-02-19 20:57:01.895] Tracked process names: biohazard.exe
[2026-02-19 20:57:02.004] Tracked process names: biohazard.exe
[2026-02-19 20:57:02.114] Tracked process names: biohazard.exe
[2026-02-19 20:57:02.223] Tracked process names: biohazard.exe
[2026-02-19 20:57:02.333] Tracked process names: biohazard.exe
[2026-02-19 20:57:02.443] Tracked process names: biohazard.exe
[2026-02-19 20:57:06.560] Tracked process names: biohazard.exe
[2026-02-19 20:57:06.970] Tracked process names: biohazard.exe
[2026-02-19 20:57:07.380] Tracked process names: biohazard.exe
[2026-02-19 20:57:11.878] Tracked process names: biohazard.exe
[2026-02-19 20:57:12.290] Tracked process names: biohazard.exe
[2026-02-19 20:57:16.792] Tracked process names: biohazard.exe
[2026-02-19 20:57:17.204] Tracked process names: biohazard.exe
[2026-02-19 20:57:21.706] Tracked process names: biohazard.exe
[2026-02-19 20:57:22.117] Tracked process names: biohazard.exe
[2026-02-19 20:57:26.619] Tracked process names: biohazard.exe
[2026-02-19 20:57:27.031] Tracked process names: biohazard.exe
[2026-02-19 20:57:27.441] Tracked process names: biohazard.exe
[2026-02-19 20:57:27.855] Tracking HWND: 82117586
[2026-02-19 20:57:27.857] Current rect: x=619, y=345, w=467, h=307
[2026-02-19 20:57:27.858] Applying target rect (pulse=False): x=-1211, y=43, w=1057, h=835
[2026-02-19 20:57:28.274] Current rect: x=-1211, y=43, w=1057, h=835
[2026-02-19 20:57:31.561] Tracked process names: biohazard.exe
[2026-02-19 20:57:31.972] Tracked process names: biohazard.exe
[2026-02-19 20:57:32.384] Tracked process names: biohazard.exe
[2026-02-19 20:57:32.388] Tracking HWND: 82183122
[2026-02-19 20:57:32.388] Current rect: x=51, y=51, w=431, h=347
[2026-02-19 20:57:32.389] Applying target rect (pulse=False): x=-1211, y=43, w=1057, h=835
[2026-02-19 20:57:33.018] Current rect: x=-1211, y=43, w=1286, h=1000
[2026-02-19 20:57:33.021] Applying target rect (pulse=False): x=-1211, y=43, w=1057, h=835
[2026-02-19 20:57:33.525] Applying target rect (pulse=False): x=-1211, y=43, w=1057, h=835
[2026-02-19 20:57:39.759] Process exited with code: 3221225477
[2026-02-19 20:57:48.089] Launch args: ['D:\\GOG Galaxy\\Games\\Resident Evil\\Biohazard.exe']
[2026-02-19 20:57:48.091] Target rect: x=-1211, y=43, w=1057, h=835
[2026-02-19 20:57:48.092] Primary rect: x=100, y=100, w=1280, h=720
[2026-02-19 20:57:48.098] Spawned PID: 11084
[2026-02-19 20:57:48.106] Tracked process names: biohazard.exe
[2026-02-19 20:57:48.217] Tracked process names: biohazard.exe
[2026-02-19 20:57:48.219] Tracking HWND: 54068380
[2026-02-19 20:57:48.220] Current rect: x=0, y=0, w=339, h=418
[2026-02-19 20:57:48.220] Applying target rect (pulse=True): x=-1211, y=43, w=1057, h=835
[2026-02-19 20:57:48.361] Tracked process names: biohazard.exe
[2026-02-19 20:57:48.363] Current rect: x=-1211, y=43, w=1057, h=835
[2026-02-19 20:57:48.472] Tracked process names: biohazard.exe
[2026-02-19 20:57:48.582] Tracked process names: biohazard.exe
[2026-02-19 20:57:48.691] Tracked process names: biohazard.exe
[2026-02-19 20:57:48.800] Tracked process names: biohazard.exe
[2026-02-19 20:57:48.910] Tracked process names: biohazard.exe
[2026-02-19 20:57:49.019] Tracked process names: biohazard.exe
[2026-02-19 20:57:51.086] No matching window found yet.
[2026-02-19 20:57:51.201] Tracking HWND: 54133916
[2026-02-19 20:57:51.202] Current rect: x=619, y=345, w=467, h=307
[2026-02-19 20:57:51.202] Applying target rect (pulse=False): x=-1211, y=43, w=1057, h=835
[2026-02-19 20:57:51.324] Current rect: x=-1211, y=43, w=1057, h=835
[2026-02-19 20:57:53.180] Tracked process names: biohazard.exe
[2026-02-19 20:57:53.292] Tracked process names: biohazard.exe
[2026-02-19 20:57:53.401] Tracked process names: biohazard.exe
[2026-02-19 20:57:53.509] Tracked process names: biohazard.exe
[2026-02-19 20:57:53.619] Tracked process names: biohazard.exe
[2026-02-19 20:57:53.728] Tracked process names: biohazard.exe
[2026-02-19 20:57:53.837] Tracked process names: biohazard.exe
[2026-02-19 20:57:53.946] Tracked process names: biohazard.exe
[2026-02-19 20:57:54.055] Tracked process names: biohazard.exe
[2026-02-19 20:57:54.279] Tracking HWND: 54199452
[2026-02-19 20:57:54.280] Current rect: x=101, y=101, w=431, h=347
[2026-02-19 20:57:54.281] Applying target rect (pulse=False): x=-1211, y=43, w=1057, h=835
[2026-02-19 20:57:54.784] Current rect: x=-1211, y=43, w=1286, h=1000
[2026-02-19 20:57:54.786] Applying target rect (pulse=False): x=-1211, y=43, w=1057, h=835
[2026-02-19 20:57:54.982] Applying target rect (pulse=False): x=-1211, y=43, w=1057, h=835
[2026-02-19 20:57:55.188] Applying target rect (pulse=False): x=-1211, y=43, w=1057, h=835
[2026-02-19 20:57:55.395] Applying target rect (pulse=False): x=-1211, y=43, w=1057, h=835
[2026-02-19 20:57:55.596] Applying target rect (pulse=False): x=-1211, y=43, w=1057, h=835
[2026-02-19 20:57:55.800] Applying target rect (pulse=False): x=-1211, y=43, w=1057, h=835
[2026-02-19 20:57:56.028] Applying target rect (pulse=False): x=-1211, y=43, w=1057, h=835
[2026-02-19 20:58:01.537] Process exited with code: 3221225477
[2026-02-19 20:58:48.409] Launch args: ['D:\\GOG Galaxy\\Games\\Resident Evil\\Biohazard.exe']
[2026-02-19 20:58:49.111] Target rect: x=-1211, y=43, w=1057, h=835
[2026-02-19 20:58:49.112] Primary rect: x=100, y=100, w=1280, h=720
[2026-02-19 20:58:49.117] Spawned PID: 29652
[2026-02-19 20:58:49.125] Tracked process names: biohazard.exe
[2026-02-19 20:58:49.236] Tracked process names: biohazard.exe
[2026-02-19 20:58:49.238] Tracking HWND: 99812306
[2026-02-19 20:58:49.239] Current rect: x=0, y=0, w=339, h=418
[2026-02-19 20:58:49.239] Applying target rect (pulse=True): x=-1211, y=43, w=1057, h=835
[2026-02-19 20:58:49.384] Tracked process names: biohazard.exe
[2026-02-19 20:58:49.386] Current rect: x=-1211, y=43, w=1057, h=835
[2026-02-19 20:58:49.496] Tracked process names: biohazard.exe
[2026-02-19 20:58:49.606] Tracked process names: biohazard.exe
[2026-02-19 20:58:49.716] Tracked process names: biohazard.exe
[2026-02-19 20:58:49.825] Tracked process names: biohazard.exe
[2026-02-19 20:58:49.934] Tracked process names: biohazard.exe
[2026-02-19 20:58:50.044] Tracked process names: biohazard.exe
[2026-02-19 20:58:53.958] No matching window found yet.
[2026-02-19 20:58:54.069] Tracking HWND: 99877842
[2026-02-19 20:58:54.070] Current rect: x=619, y=345, w=467, h=307
[2026-02-19 20:58:54.070] Applying target rect (pulse=False): x=-1211, y=43, w=1057, h=835
[2026-02-19 20:58:54.190] Tracked process names: biohazard.exe
[2026-02-19 20:58:54.192] Current rect: x=-1211, y=43, w=1057, h=835
[2026-02-19 20:58:54.300] Tracked process names: biohazard.exe
[2026-02-19 20:58:54.409] Tracked process names: biohazard.exe
[2026-02-19 20:58:54.519] Tracked process names: biohazard.exe
[2026-02-19 20:58:54.629] Tracked process names: biohazard.exe
[2026-02-19 20:58:54.738] Tracked process names: biohazard.exe
[2026-02-19 20:58:54.849] Tracked process names: biohazard.exe
[2026-02-19 20:58:54.958] Tracked process names: biohazard.exe
[2026-02-19 20:58:55.068] Tracked process names: biohazard.exe
[2026-02-19 20:58:57.547] Tracking HWND: 99943378
[2026-02-19 20:58:57.548] Current rect: x=152, y=152, w=431, h=347
[2026-02-19 20:58:57.549] Applying target rect (pulse=False): x=-1211, y=43, w=1057, h=835
[2026-02-19 20:58:58.074] Current rect: x=0, y=0, w=1707, h=1067
[2026-02-19 20:58:58.075] Applying target rect (pulse=False): x=-1211, y=43, w=1057, h=835
[2026-02-19 20:58:58.550] Applying target rect (pulse=False): x=-1211, y=43, w=1057, h=835
[2026-02-19 20:59:04.853] Process exited with code: 3221225477
[2026-02-19 20:59:36.927] Launch args: ['D:\\GOG Galaxy\\Games\\Resident Evil\\Biohazard.exe']
[2026-02-19 20:59:36.930] Target rect: x=-1211, y=43, w=1057, h=835
[2026-02-19 20:59:36.930] Primary rect: x=100, y=100, w=1280, h=720
[2026-02-19 20:59:36.937] Spawned PID: 34288
[2026-02-19 20:59:36.945] Tracked process names: biohazard.exe
[2026-02-19 20:59:37.056] Tracked process names: biohazard.exe
[2026-02-19 20:59:37.167] Tracked process names: biohazard.exe
[2026-02-19 20:59:37.170] Tracking HWND: 75174692
[2026-02-19 20:59:37.171] Current rect: x=684, y=289, w=339, h=418
[2026-02-19 20:59:37.171] Applying target rect (pulse=True): x=-1211, y=43, w=1057, h=835
[2026-02-19 20:59:37.293] Tracked process names: biohazard.exe
[2026-02-19 20:59:37.294] Current rect: x=-1211, y=43, w=1057, h=835
[2026-02-19 20:59:37.403] Tracked process names: biohazard.exe
[2026-02-19 20:59:37.513] Tracked process names: biohazard.exe
[2026-02-19 20:59:37.622] Tracked process names: biohazard.exe
[2026-02-19 20:59:37.732] Tracked process names: biohazard.exe
[2026-02-19 20:59:37.842] Tracked process names: biohazard.exe
[2026-02-19 20:59:40.127] No matching window found yet.
[2026-02-19 20:59:40.240] Tracking HWND: 75240228
[2026-02-19 20:59:40.241] Current rect: x=619, y=345, w=467, h=307
[2026-02-19 20:59:40.241] Applying target rect (pulse=False): x=-1211, y=43, w=1057, h=835
[2026-02-19 20:59:40.368] Current rect: x=-1211, y=43, w=1057, h=835
[2026-02-19 20:59:42.001] Tracked process names: biohazard.exe
[2026-02-19 20:59:42.112] Tracked process names: biohazard.exe
[2026-02-19 20:59:42.230] Tracked process names: biohazard.exe
[2026-02-19 20:59:42.340] Tracked process names: biohazard.exe
[2026-02-19 20:59:42.448] Tracked process names: biohazard.exe
[2026-02-19 20:59:42.557] Tracked process names: biohazard.exe
[2026-02-19 20:59:42.666] Tracked process names: biohazard.exe
[2026-02-19 20:59:42.775] Tracked process names: biohazard.exe
[2026-02-19 20:59:42.885] Tracked process names: biohazard.exe
[2026-02-19 20:59:43.219] Tracking HWND: 75305764
[2026-02-19 20:59:43.221] Current rect: x=203, y=203, w=431, h=347
[2026-02-19 20:59:43.222] Applying target rect (pulse=False): x=-1211, y=43, w=1057, h=835
[2026-02-19 20:59:43.668] Current rect: x=0, y=0, w=1707, h=1067
[2026-02-19 20:59:43.670] Applying target rect (pulse=False): x=-1211, y=43, w=1057, h=835
[2026-02-19 20:59:43.840] Applying target rect (pulse=False): x=-1211, y=43, w=1057, h=835
[2026-02-19 20:59:44.012] Applying target rect (pulse=False): x=-1211, y=43, w=1057, h=835
[2026-02-19 20:59:44.179] Applying target rect (pulse=False): x=-1211, y=43, w=1057, h=835
[2026-02-19 20:59:44.356] Applying target rect (pulse=False): x=-1211, y=43, w=1057, h=835
[2026-02-19 20:59:44.521] Applying target rect (pulse=False): x=-1211, y=43, w=1057, h=835
[2026-02-19 20:59:50.815] Process exited with code: 3221225477
[2026-02-19 21:03:54.974] Launch args: ['D:\\GOG Galaxy\\Games\\Resident Evil\\Biohazard.exe']
[2026-02-19 21:03:54.977] Target rect: x=-1211, y=43, w=1057, h=835
[2026-02-19 21:03:54.977] Primary rect: x=100, y=100, w=1280, h=720
[2026-02-19 21:03:54.984] Spawned PID: 45684
[2026-02-19 21:03:54.992] Tracked process names: biohazard.exe
[2026-02-19 21:03:55.102] Tracked process names: biohazard.exe
[2026-02-19 21:03:55.213] Tracked process names: biohazard.exe
[2026-02-19 21:03:55.215] Tracking HWND: 77661474
[2026-02-19 21:03:55.216] Current rect: x=684, y=289, w=339, h=418
[2026-02-19 21:03:55.216] Applying target rect (pulse=True, position_only=True): x=-1211, y=43, w=1057, h=835
[2026-02-19 21:03:55.329] Tracked process names: biohazard.exe
[2026-02-19 21:03:55.331] Current rect: x=-1211, y=43, w=508, h=627
[2026-02-19 21:03:55.440] Tracked process names: biohazard.exe
[2026-02-19 21:03:55.550] Tracked process names: biohazard.exe
[2026-02-19 21:03:55.659] Tracked process names: biohazard.exe
[2026-02-19 21:03:55.769] Tracked process names: biohazard.exe
[2026-02-19 21:03:55.878] Tracked process names: biohazard.exe
[2026-02-19 21:03:55.987] Tracked process names: biohazard.exe
[2026-02-19 21:03:57.840] Tracking HWND: 77727010
[2026-02-19 21:03:57.841] Current rect: x=619, y=345, w=467, h=307
[2026-02-19 21:03:57.842] Applying target rect (pulse=False, position_only=True): x=-1211, y=43, w=1057, h=835
[2026-02-19 21:03:57.959] Current rect: x=-1211, y=43, w=701, h=460
[2026-02-19 21:04:00.042] Tracked process names: biohazard.exe
[2026-02-19 21:04:00.152] Tracked process names: biohazard.exe
[2026-02-19 21:04:00.261] Tracked process names: biohazard.exe
[2026-02-19 21:04:00.371] Tracked process names: biohazard.exe
[2026-02-19 21:04:00.480] Tracked process names: biohazard.exe
[2026-02-19 21:04:00.590] Tracked process names: biohazard.exe
[2026-02-19 21:04:00.700] Tracked process names: biohazard.exe
[2026-02-19 21:04:00.702] Tracking HWND: 77792546
[2026-02-19 21:04:00.703] Current rect: x=25, y=25, w=431, h=347
[2026-02-19 21:04:00.704] Applying target rect (pulse=False, position_only=True): x=-1211, y=43, w=1057, h=835
[2026-02-19 21:04:01.087] Current rect: x=-807, y=29, w=1707, h=1067
[2026-02-19 21:04:01.089] Applying target rect (pulse=False, position_only=True): x=-1211, y=43, w=1057, h=835
[2026-02-19 21:04:01.198] Applying target rect (pulse=False, position_only=True): x=-1211, y=43, w=1057, h=835
[2026-02-19 21:04:01.311] Applying target rect (pulse=False, position_only=True): x=-1211, y=43, w=1057, h=835
[2026-02-19 21:04:01.423] Applying target rect (pulse=False, position_only=True): x=-1211, y=43, w=1057, h=835
[2026-02-19 21:04:01.533] Applying target rect (pulse=False, position_only=True): x=-1211, y=43, w=1057, h=835
[2026-02-19 21:04:01.645] Applying target rect (pulse=False, position_only=True): x=-1211, y=43, w=1057, h=835
[2026-02-19 21:04:01.758] Applying target rect (pulse=False, position_only=True): x=-1211, y=43, w=1057, h=835
[2026-02-19 21:04:01.983] Applying target rect (pulse=False, position_only=True): x=-1211, y=43, w=1057, h=835
[2026-02-19 21:04:02.092] Applying target rect (pulse=False, position_only=True): x=-1211, y=43, w=1057, h=835
[2026-02-19 21:04:02.202] Applying target rect (pulse=False, position_only=True): x=-1211, y=43, w=1057, h=835
[2026-02-19 21:04:02.312] Applying target rect (pulse=False, position_only=True): x=-1211, y=43, w=1057, h=835
[2026-02-19 21:04:02.423] Applying target rect (pulse=False, position_only=True): x=-1211, y=43, w=1057, h=835
[2026-02-19 21:04:02.533] Applying target rect (pulse=False, position_only=True): x=-1211, y=43, w=1057, h=835
[2026-02-19 21:04:02.643] Applying target rect (pulse=False, position_only=True): x=-1211, y=43, w=1057, h=835
[2026-02-19 21:04:02.755] Applying target rect (pulse=False, position_only=True): x=-1211, y=43, w=1057, h=835
[2026-02-19 21:04:02.865] Applying target rect (pulse=False, position_only=True): x=-1211, y=43, w=1057, h=835
[2026-02-19 21:04:02.979] Applying target rect (pulse=False, position_only=True): x=-1211, y=43, w=1057, h=835
[2026-02-19 21:04:03.089] Applying target rect (pulse=False, position_only=True): x=-1211, y=43, w=1057, h=835
[2026-02-19 21:04:03.500] Applying target rect (pulse=False, position_only=True): x=-1211, y=43, w=1057, h=835
[2026-02-19 21:04:03.918] Applying target rect (pulse=False, position_only=True): x=-1211, y=43, w=1057, h=835
[2026-02-19 21:04:04.332] Applying target rect (pulse=False, position_only=True): x=-1211, y=43, w=1057, h=835
[2026-02-19 21:04:04.744] Applying target rect (pulse=False, position_only=True): x=-1211, y=43, w=1057, h=835
[2026-02-19 21:04:05.155] Tracked process names: biohazard.exe
[2026-02-19 21:04:05.158] Applying target rect (pulse=False, position_only=True): x=-1211, y=43, w=1057, h=835
[2026-02-19 21:04:05.567] Tracked process names: biohazard.exe
[2026-02-19 21:04:05.571] Applying target rect (pulse=False, position_only=True): x=-1211, y=43, w=1057, h=835
[2026-02-19 21:04:05.981] Tracked process names: biohazard.exe
[2026-02-19 21:04:05.984] Applying target rect (pulse=False, position_only=True): x=-1211, y=43, w=1057, h=835
[2026-02-19 21:04:06.395] Applying target rect (pulse=False, position_only=True): x=-1211, y=43, w=1057, h=835
[2026-02-19 21:04:06.806] Applying target rect (pulse=False, position_only=True): x=-1211, y=43, w=1057, h=835
[2026-02-19 21:04:07.219] Applying target rect (pulse=False, position_only=True): x=-1211, y=43, w=1057, h=835
[2026-02-19 21:04:07.630] Applying target rect (pulse=False, position_only=True): x=-1211, y=43, w=1057, h=835
[2026-02-19 21:04:08.039] Applying target rect (pulse=False, position_only=True): x=-1211, y=43, w=1057, h=835
[2026-02-19 21:04:08.452] Applying target rect (pulse=False, position_only=True): x=-1211, y=43, w=1057, h=835
[2026-02-19 21:04:08.862] Applying target rect (pulse=False, position_only=True): x=-1211, y=43, w=1057, h=835
[2026-02-19 21:04:09.274] Applying target rect (pulse=False, position_only=True): x=-1211, y=43, w=1057, h=835
[2026-02-19 21:04:09.687] Applying target rect (pulse=False, position_only=True): x=-1211, y=43, w=1057, h=835
[2026-02-19 21:04:10.098] Tracked process names: biohazard.exe
[2026-02-19 21:04:10.101] Applying target rect (pulse=False, position_only=True): x=-1211, y=43, w=1057, h=835
[2026-02-19 21:04:10.511] Tracked process names: biohazard.exe
[2026-02-19 21:04:10.515] Applying target rect (pulse=False, position_only=True): x=-1211, y=43, w=1057, h=835
[2026-02-19 21:04:10.923] Tracked process names: biohazard.exe
[2026-02-19 21:04:10.927] Applying target rect (pulse=False, position_only=True): x=-1211, y=43, w=1057, h=835
[2026-02-19 21:04:11.336] Applying target rect (pulse=False, position_only=True): x=-1211, y=43, w=1057, h=835
[2026-02-19 21:04:11.748] Applying target rect (pulse=False, position_only=True): x=-1211, y=43, w=1057, h=835
[2026-02-19 21:04:12.159] Applying target rect (pulse=False, position_only=True): x=-1211, y=43, w=1057, h=835
[2026-02-19 21:04:12.571] Applying target rect (pulse=False, position_only=True): x=-1211, y=43, w=1057, h=835
[2026-02-19 21:04:13.010] Applying target rect (pulse=False, position_only=True): x=-1211, y=43, w=1057, h=835
[2026-02-19 21:04:13.423] Applying target rect (pulse=False, position_only=True): x=-1211, y=43, w=1057, h=835
[2026-02-19 21:04:13.834] Applying target rect (pulse=False, position_only=True): x=-1211, y=43, w=1057, h=835
[2026-02-19 21:04:14.247] Applying target rect (pulse=False, position_only=True): x=-1211, y=43, w=1057, h=835
[2026-02-19 21:04:14.660] Applying target rect (pulse=False, position_only=True): x=-1211, y=43, w=1057, h=835
[2026-02-19 21:04:15.070] Tracked process names: biohazard.exe
[2026-02-19 21:04:15.074] Applying target rect (pulse=False, position_only=True): x=-1211, y=43, w=1057, h=835
[2026-02-19 21:04:15.483] Tracked process names: biohazard.exe
[2026-02-19 21:04:15.487] Applying target rect (pulse=False, position_only=True): x=-1211, y=43, w=1057, h=835
[2026-02-19 21:04:15.895] Tracked process names: biohazard.exe
[2026-02-19 21:04:15.898] Applying target rect (pulse=False, position_only=True): x=-1211, y=43, w=1057, h=835
[2026-02-19 21:04:16.309] Applying target rect (pulse=False, position_only=True): x=-1211, y=43, w=1057, h=835
[2026-02-19 21:04:16.721] Applying target rect (pulse=False, position_only=True): x=-1211, y=43, w=1057, h=835
[2026-02-19 21:04:17.138] Applying target rect (pulse=False, position_only=True): x=-1211, y=43, w=1057, h=835
[2026-02-19 21:04:17.553] Applying target rect (pulse=False, position_only=True): x=-1211, y=43, w=1057, h=835
[2026-02-19 21:04:17.963] Applying target rect (pulse=False, position_only=True): x=-1211, y=43, w=1057, h=835
[2026-02-19 21:04:18.375] Applying target rect (pulse=False, position_only=True): x=-1211, y=43, w=1057, h=835
[2026-02-19 21:04:18.787] Applying target rect (pulse=False, position_only=True): x=-1211, y=43, w=1057, h=835
[2026-02-19 21:04:19.198] Applying target rect (pulse=False, position_only=True): x=-1211, y=43, w=1057, h=835
[2026-02-19 21:04:19.610] Applying target rect (pulse=False, position_only=True): x=-1211, y=43, w=1057, h=835
[2026-02-19 21:04:20.021] Tracked process names: biohazard.exe
[2026-02-19 21:04:20.024] Applying target rect (pulse=False, position_only=True): x=-1211, y=43, w=1057, h=835
[2026-02-19 21:04:20.432] Tracked process names: biohazard.exe
[2026-02-19 21:04:20.436] Applying target rect (pulse=False, position_only=True): x=-1211, y=43, w=1057, h=835
[2026-02-19 21:04:20.846] Tracked process names: biohazard.exe
[2026-02-19 21:04:20.849] Applying target rect (pulse=False, position_only=True): x=-1211, y=43, w=1057, h=835
[2026-02-19 21:04:21.259] Applying target rect (pulse=False, position_only=True): x=-1211, y=43, w=1057, h=835
[2026-02-19 21:04:21.671] Applying target rect (pulse=False, position_only=True): x=-1211, y=43, w=1057, h=835
[2026-02-19 21:04:22.084] Applying target rect (pulse=False, position_only=True): x=-1211, y=43, w=1057, h=835
[2026-02-19 21:04:22.495] Applying target rect (pulse=False, position_only=True): x=-1211, y=43, w=1057, h=835
[2026-02-19 21:04:22.907] Applying target rect (pulse=False, position_only=True): x=-1211, y=43, w=1057, h=835
[2026-02-19 21:04:23.319] Applying target rect (pulse=False, position_only=True): x=-1211, y=43, w=1057, h=835
[2026-02-19 21:04:23.731] Applying target rect (pulse=False, position_only=True): x=-1211, y=43, w=1057, h=835
[2026-02-19 21:04:24.142] Applying target rect (pulse=False, position_only=True): x=-1211, y=43, w=1057, h=835
[2026-02-19 21:04:24.554] Applying target rect (pulse=False, position_only=True): x=-1211, y=43, w=1057, h=835
[2026-02-19 21:04:24.966] Applying target rect (pulse=False, position_only=True): x=-1211, y=43, w=1057, h=835
[2026-02-19 21:04:25.378] Tracked process names: biohazard.exe
[2026-02-19 21:04:25.381] Applying target rect (pulse=False, position_only=True): x=-1211, y=43, w=1057, h=835
[2026-02-19 21:04:25.790] Tracked process names: biohazard.exe
[2026-02-19 21:04:25.794] Applying target rect (pulse=False, position_only=True): x=-1211, y=43, w=1057, h=835
[2026-02-19 21:04:26.203] Applying target rect (pulse=False, position_only=True): x=-1211, y=43, w=1057, h=835
[2026-02-19 21:04:26.615] Applying target rect (pulse=False, position_only=True): x=-1211, y=43, w=1057, h=835
[2026-02-19 21:04:27.029] Applying target rect (pulse=False, position_only=True): x=-1211, y=43, w=1057, h=835
[2026-02-19 21:04:27.442] Applying target rect (pulse=False, position_only=True): x=-1211, y=43, w=1057, h=835
[2026-02-19 21:04:27.854] Applying target rect (pulse=False, position_only=True): x=-1211, y=43, w=1057, h=835
[2026-02-19 21:04:28.266] Applying target rect (pulse=False, position_only=True): x=-1211, y=43, w=1057, h=835
[2026-02-19 21:04:28.678] Applying target rect (pulse=False, position_only=True): x=-1211, y=43, w=1057, h=835
[2026-02-19 21:04:29.090] Applying target rect (pulse=False, position_only=True): x=-1211, y=43, w=1057, h=835
[2026-02-19 21:04:29.500] Applying target rect (pulse=False, position_only=True): x=-1211, y=43, w=1057, h=835
[2026-02-19 21:04:29.911] Applying target rect (pulse=False, position_only=True): x=-1211, y=43, w=1057, h=835
[2026-02-19 21:04:30.321] Tracked process names: biohazard.exe
[2026-02-19 21:04:30.324] Applying target rect (pulse=False, position_only=True): x=-1211, y=43, w=1057, h=835
[2026-02-19 21:04:30.732] Tracked process names: biohazard.exe
[2026-02-19 21:04:30.734] Applying target rect (pulse=False, position_only=True): x=-1211, y=43, w=1057, h=835
[2026-02-19 21:04:31.143] Applying target rect (pulse=False, position_only=True): x=-1211, y=43, w=1057, h=835
[2026-02-19 21:04:31.555] Applying target rect (pulse=False, position_only=True): x=-1211, y=43, w=1057, h=835
[2026-02-19 21:04:31.966] Applying target rect (pulse=False, position_only=True): x=-1211, y=43, w=1057, h=835
[2026-02-19 21:04:32.378] Applying target rect (pulse=False, position_only=True): x=-1211, y=43, w=1057, h=835
[2026-02-19 21:04:32.791] Applying target rect (pulse=False, position_only=True): x=-1211, y=43, w=1057, h=835
[2026-02-19 21:04:33.201] Applying target rect (pulse=False, position_only=True): x=-1211, y=43, w=1057, h=835
[2026-02-19 21:04:33.614] Applying target rect (pulse=False, position_only=True): x=-1211, y=43, w=1057, h=835
[2026-02-19 21:04:34.026] Applying target rect (pulse=False, position_only=True): x=-1211, y=43, w=1057, h=835
[2026-02-19 21:04:34.437] Applying target rect (pulse=False, position_only=True): x=-1211, y=43, w=1057, h=835
[2026-02-19 21:04:34.848] Applying target rect (pulse=False, position_only=True): x=-1211, y=43, w=1057, h=835
[2026-02-19 21:04:35.250] Process exited with code: 0
