[2026-02-19 21:35:18.851] Resolved: mode=profile  slug=retroarch-launchbox  exe=D:\Emulators\RetroArch-Win64\retroarch.exe  rect=(-1211,43,1057,835)  position_only=False
[2026-02-19 21:35:18.853] Launch args: ['D:\\Emulators\\RetroArch-Win64\\retroarch.exe', '--config', 'D:\\Emulators\\RetroArch-Win64\\retroarch_crt.cfg']
[2026-02-19 21:35:18.854] Primary rect: x=100, y=100, w=1280, h=720
[2026-02-19 21:35:20.190] Spawned PID: 18072
[2026-02-19 21:35:20.201] Tracked process names: retroarch.exe
[2026-02-19 21:35:20.313] Tracked process names: retroarch.exe
[2026-02-19 21:35:20.423] Tracked process names: retroarch.exe
[2026-02-19 21:35:20.534] Tracked process names: retroarch.exe
[2026-02-19 21:35:20.644] Tracked process names: retroarch.exe
[2026-02-19 21:35:20.754] Tracked process names: retroarch.exe
[2026-02-19 21:35:20.863] Tracked process names: retroarch.exe
[2026-02-19 21:35:20.973] Tracked process names: retroarch.exe
[2026-02-19 21:35:21.083] Tracked process names: retroarch.exe
[2026-02-19 21:35:21.194] Tracked process names: retroarch.exe
[2026-02-19 21:35:22.285] No matching window found yet.
[2026-02-19 21:35:31.847] Resolved: mode=profile  slug=retroarch-launchbox  exe=D:\Emulators\RetroArch-Win64\retroarch.exe  rect=(-1211,43,1057,835)  position_only=False
[2026-02-19 21:35:31.849] Launch args: ['D:\\Emulators\\RetroArch-Win64\\retroarch.exe', '--config', 'D:\\Emulators\\RetroArch-Win64\\retroarch_crt.cfg']
[2026-02-19 21:35:31.849] Primary rect: x=100, y=100, w=1280, h=720
[2026-02-19 21:35:31.853] Spawned PID: 47044
[2026-02-19 21:35:31.862] Tracked process names: retroarch.exe
[2026-02-19 21:35:31.864] Tracking HWND: 66259910
[2026-02-19 21:35:31.864] Current rect: x=152, y=152, w=655, h=537
[2026-02-19 21:35:31.865] Applying target rect (pulse=True, position_only=False): x=-1211, y=43, w=1057, h=835
[2026-02-19 21:35:32.251] Tracked process names: retroarch.exe
[2026-02-19 21:35:32.255] Current rect: x=-1211, y=43, w=1057, h=835
[2026-02-19 21:35:32.363] Tracked process names: retroarch.exe
[2026-02-19 21:35:32.473] Tracked process names: retroarch.exe
[2026-02-19 21:35:32.583] Tracked process names: retroarch.exe
[2026-02-19 21:35:32.692] Tracked process names: retroarch.exe
[2026-02-19 21:35:32.802] Tracked process names: retroarch.exe
[2026-02-19 21:35:35.624] Process exited with code: 0  duration=3.8s
[2026-02-19 21:35:58.203] Resolved: mode=profile  slug=retroarch-launchbox  exe=D:\Emulators\RetroArch-Win64\retroarch.exe  rect=(-1211,43,1057,835)  position_only=False
[2026-02-19 21:35:58.205] Launch args: ['D:\\Emulators\\RetroArch-Win64\\retroarch.exe', '--config', 'D:\\Emulators\\RetroArch-Win64\\retroarch_crt.cfg']
[2026-02-19 21:35:58.206] Primary rect: x=100, y=100, w=1280, h=720
[2026-02-19 21:35:58.209] Spawned PID: 42996
[2026-02-19 21:35:58.218] Tracked process names: retroarch.exe
[2026-02-19 21:35:58.329] Tracked process names: retroarch.exe
[2026-02-19 21:35:58.331] Tracking HWND: 63704276
[2026-02-19 21:35:58.331] Current rect: x=203, y=203, w=655, h=537
[2026-02-19 21:35:58.332] Applying target rect (pulse=True, position_only=False): x=-1211, y=43, w=1057, h=835
[2026-02-19 21:35:59.013] Tracked process names: retroarch.exe
[2026-02-19 21:35:59.016] Current rect: x=-1211, y=43, w=1057, h=835
[2026-02-19 21:35:59.124] Tracked process names: retroarch.exe
[2026-02-19 21:36:03.257] Tracked process names: retroarch.exe
[2026-02-19 21:36:03.369] Tracked process names: retroarch.exe
[2026-02-19 21:36:03.478] Tracked process names: retroarch.exe
[2026-02-19 21:36:03.589] Tracked process names: retroarch.exe
[2026-02-19 21:36:03.698] Tracked process names: retroarch.exe
[2026-02-19 21:36:03.808] Tracked process names: retroarch.exe
[2026-02-19 21:36:03.917] Tracked process names: retroarch.exe
[2026-02-19 21:36:04.027] Tracked process names: retroarch.exe
[2026-02-19 21:36:04.136] Tracked process names: retroarch.exe
[2026-02-19 21:36:07.849] No matching window found yet.
[2026-02-19 21:36:08.180] Tracking HWND: 1577840
[2026-02-19 21:36:08.182] Current rect: x=-1211, y=43, w=613, h=505
[2026-02-19 21:36:08.183] Applying target rect (pulse=False, position_only=False): x=-1211, y=43, w=1057, h=835
[2026-02-19 21:36:08.667] Tracked process names: retroarch.exe
[2026-02-19 21:36:08.670] Current rect: x=-1211, y=43, w=1057, h=835
[2026-02-19 21:36:09.178] Tracked process names: retroarch.exe
